<?xml version="1.0" encoding="UTF-8"?>
<!-- Generated by org.testng.reporters.JUnitReportReporter -->
<testsuite hostname="VenWin7" name="com.balu.NewTest" tests="1" failures="0" timestamp="19 Feb 2015 00:45:34 GMT" time="10.842" errors="0">
  <testcase name="Test" time="10.842" classname="com.balu.NewTest"/>
</testsuite> <!-- com.balu.NewTest -->
