<?xml version="1.0" encoding="UTF-8"?>
<!-- Generated by org.testng.reporters.JUnitReportReporter -->
<testsuite hostname="VenWin7" name="test.NewTest" tests="1" failures="0" timestamp="19 Feb 2015 00:29:07 GMT" time="9.070" errors="0">
  <testcase name="Test" time="9.070" classname="test.NewTest"/>
</testsuite> <!-- test.NewTest -->
