<?xml version="1.0" encoding="UTF-8"?>
<!-- Generated by org.testng.reporters.JUnitReportReporter -->
<testsuite hostname="VenWin7" name="test.java.NewTest" tests="1" failures="0" timestamp="19 Feb 2015 01:08:17 GMT" time="8.181" errors="0">
  <testcase name="Test" time="8.181" classname="test.java.NewTest"/>
</testsuite> <!-- test.java.NewTest -->
